# JRE version: OpenJDK Runtime Environment (11.0.10) (build 11.0.10+0-b96-7249189)
# Java VM: OpenJDK 64-Bit Server VM (11.0.10+0-b96-7249189, mixed mode, tiered, compressed oops, g1 gc, windows-amd64)
Heap:
 garbage-first heap   total 563200K, used 439117K [0x0000000080000000, 0x0000000100000000)
  region size 1024K, 197 young (201728K), 29 survivors (29696K)
 Metaspace       used 151079K, capacity 155415K, committed 156796K, reserved 1185792K
  class space    used 18196K, capacity 19826K, committed 20736K, reserved 1048576K
GC Heap History (20 events):
Event: 1880.013 GC heap before
{Heap before GC invocations=93 (full 0):
 garbage-first heap   total 563200K, used 243347K [0x0000000080000000, 0x0000000100000000)
  region size 1024K, 62 young (63488K), 2 survivors (2048K)
 Metaspace       used 145764K, capacity 149521K, committed 154236K, reserved 1183744K
  class space    used 17878K, capacity 19357K, committed 20736K, reserved 1048576K
}
Event: 1880.035 GC heap after
{Heap after GC invocations=94 (full 0):
 garbage-first heap   total 563200K, used 195584K [0x0000000080000000, 0x0000000100000000)
  region size 1024K, 8 young (8192K), 8 survivors (8192K)
 Metaspace       used 145764K, capacity 149521K, committed 154236K, reserved 1183744K
  class space    used 17878K, capacity 19357K, committed 20736K, reserved 1048576K
}
Event: 1880.578 GC heap before
{Heap before GC invocations=94 (full 0):
 garbage-first heap   total 563200K, used 296960K [0x0000000080000000, 0x0000000100000000)
  region size 1024K, 82 young (83968K), 8 survivors (8192K)
 Metaspace       used 145786K, capacity 149524K, committed 154236K, reserved 1183744K
  class space    used 17879K, capacity 19358K, committed 20736K, reserved 1048576K
}
Event: 1880.600 GC heap after
{Heap after GC invocations=95 (full 0):
 garbage-first heap   total 563200K, used 204993K [0x0000000080000000, 0x0000000100000000)
  region size 1024K, 9 young (9216K), 9 survivors (9216K)
 Metaspace       used 145786K, capacity 149524K, committed 154236K, reserved 1183744K
  class space    used 17879K, capacity 19358K, committed 20736K, reserved 1048576K
}
Event: 1883.958 GC heap before
{Heap before GC invocations=95 (full 0):
 garbage-first heap   total 563200K, used 286913K [0x0000000080000000, 0x0000000100000000)
  region size 1024K, 89 young (91136K), 9 survivors (9216K)
 Metaspace       used 145935K, capacity 149659K, committed 154236K, reserved 1183744K
  class space    used 17892K, capacity 19381K, committed 20736K, reserved 1048576K
}
Event: 1883.975 GC heap after
{Heap after GC invocations=96 (full 0):
 garbage-first heap   total 563200K, used 209052K [0x0000000080000000, 0x0000000100000000)
  region size 1024K, 5 young (5120K), 5 survivors (5120K)
 Metaspace       used 145935K, capacity 149659K, committed 154236K, reserved 1183744K
  class space    used 17892K, capacity 19381K, committed 20736K, reserved 1048576K
}
Event: 1993.193 GC heap before
{Heap before GC invocations=96 (full 0):
 garbage-first heap   total 563200K, used 314524K [0x0000000080000000, 0x0000000100000000)
  region size 1024K, 108 young (110592K), 5 survivors (5120K)
 Metaspace       used 146119K, capacity 150015K, committed 154236K, reserved 1183744K
  class space    used 17904K, capacity 19404K, committed 20736K, reserved 1048576K
}
Event: 1993.200 GC heap after
{Heap after GC invocations=97 (full 0):
 garbage-first heap   total 563200K, used 208905K [0x0000000080000000, 0x0000000100000000)
  region size 1024K, 5 young (5120K), 5 survivors (5120K)
 Metaspace       used 146119K, capacity 150015K, committed 154236K, reserved 1183744K
  class space    used 17904K, capacity 19404K, committed 20736K, reserved 1048576K
}
Event: 1994.746 GC heap before
{Heap before GC invocations=97 (full 0):
 garbage-first heap   total 563200K, used 435209K [0x0000000080000000, 0x0000000100000000)
  region size 1024K, 200 young (204800K), 5 survivors (5120K)
 Metaspace       used 146441K, capacity 150313K, committed 154236K, reserved 1183744K
  class space    used 17915K, capacity 19424K, committed 20736K, reserved 1048576K
}
Event: 1994.771 GC heap after
{Heap after GC invocations=98 (full 0):
 garbage-first heap   total 563200K, used 223396K [0x0000000080000000, 0x0000000100000000)
  region size 1024K, 19 young (19456K), 19 survivors (19456K)
 Metaspace       used 146441K, capacity 150313K, committed 154236K, reserved 1183744K
  class space    used 17915K, capacity 19424K, committed 20736K, reserved 1048576K
}
Event: 2549.212 GC heap before
{Heap before GC invocations=98 (full 0):
 garbage-first heap   total 563200K, used 414884K [0x0000000080000000, 0x0000000100000000)
  region size 1024K, 206 young (210944K), 19 survivors (19456K)
 Metaspace       used 147172K, capacity 151274K, committed 154236K, reserved 1183744K
  class space    used 17995K, capacity 19571K, committed 20736K, reserved 1048576K
}
Event: 2549.257 GC heap after
{Heap after GC invocations=99 (full 0):
 garbage-first heap   total 563200K, used 216531K [0x0000000080000000, 0x0000000100000000)
  region size 1024K, 9 young (9216K), 9 survivors (9216K)
 Metaspace       used 147172K, capacity 151274K, committed 154236K, reserved 1183744K
  class space    used 17995K, capacity 19571K, committed 20736K, reserved 1048576K
}
Event: 2665.345 GC heap before
{Heap before GC invocations=99 (full 0):
 garbage-first heap   total 563200K, used 431571K [0x0000000080000000, 0x0000000100000000)
  region size 1024K, 218 young (223232K), 9 survivors (9216K)
 Metaspace       used 147961K, capacity 152185K, committed 154236K, reserved 1183744K
  class space    used 18036K, capacity 19644K, committed 20736K, reserved 1048576K
}
Event: 2665.364 GC heap after
{Heap after GC invocations=100 (full 0):
 garbage-first heap   total 563200K, used 218438K [0x0000000080000000, 0x0000000100000000)
  region size 1024K, 11 young (11264K), 11 survivors (11264K)
 Metaspace       used 147961K, capacity 152185K, committed 154236K, reserved 1183744K
  class space    used 18036K, capacity 19644K, committed 20736K, reserved 1048576K
}
Event: 6144.832 GC heap before
{Heap before GC invocations=100 (full 0):
 garbage-first heap   total 563200K, used 446790K [0x0000000080000000, 0x0000000100000000)
  region size 1024K, 231 young (236544K), 11 survivors (11264K)
 Metaspace       used 148397K, capacity 152686K, committed 154492K, reserved 1183744K
  class space    used 18039K, capacity 19648K, committed 20736K, reserved 1048576K
}
Event: 6145.032 GC heap after
{Heap after GC invocations=101 (full 0):
 garbage-first heap   total 563200K, used 226977K [0x0000000080000000, 0x0000000100000000)
  region size 1024K, 19 young (19456K), 19 survivors (19456K)
 Metaspace       used 148397K, capacity 152686K, committed 154492K, reserved 1183744K
  class space    used 18039K, capacity 19648K, committed 20736K, reserved 1048576K
}
Event: 6167.655 GC heap before
{Heap before GC invocations=101 (full 0):
 garbage-first heap   total 563200K, used 469664K [0x0000000080000000, 0x0000000100000000)
  region size 1024K, 232 young (237568K), 19 survivors (19456K)
 Metaspace       used 148751K, capacity 152991K, committed 154748K, reserved 1183744K
  class space    used 18062K, capacity 19688K, committed 20736K, reserved 1048576K
}
Event: 6167.742 GC heap after
{Heap after GC invocations=102 (full 0):
 garbage-first heap   total 563200K, used 230152K [0x0000000080000000, 0x0000000100000000)
  region size 1024K, 14 young (14336K), 14 survivors (14336K)
 Metaspace       used 148751K, capacity 152991K, committed 154748K, reserved 1183744K
  class space    used 18062K, capacity 19688K, committed 20736K, reserved 1048576K
}
Event: 6176.148 GC heap before
{Heap before GC invocations=102 (full 0):
 garbage-first heap   total 563200K, used 459528K [0x0000000080000000, 0x0000000100000000)
  region size 1024K, 228 young (233472K), 14 survivors (14336K)
 Metaspace       used 150756K, capacity 154967K, committed 156540K, reserved 1185792K
  class space    used 18170K, capacity 19785K, committed 20736K, reserved 1048576K
}
Event: 6176.220 GC heap after
{Heap after GC invocations=103 (full 0):
 garbage-first heap   total 563200K, used 257869K [0x0000000080000000, 0x0000000100000000)
  region size 1024K, 29 young (29696K), 29 survivors (29696K)
 Metaspace       used 150756K, capacity 154967K, committed 156540K, reserved 1185792K
  class space    used 18170K, capacity 19785K, committed 20736K, reserved 1048576K
}

